<?xml version="1.0" encoding="UTF-8"?>
<testng-results skipped="0" failed="0" ignored="0" total="0" passed="0">
  <reporter-output>
  </reporter-output>
  <suite name="testrunner.TestRunner" duration-ms="31" started-at="2019-05-18T20:39:33Z" finished-at="2019-05-18T20:39:33Z">
    <groups>
    </groups>
    <test name="Command line test" duration-ms="31" started-at="2019-05-18T20:39:33Z" finished-at="2019-05-18T20:39:33Z">
    </test> <!-- Command line test -->
  </suite> <!-- testrunner.TestRunner -->
</testng-results>
